<?xml version="1.0" encoding="UTF-8"?>
<testng-results ignored="1" total="3" passed="2" failed="0" skipped="0">
  <reporter-output>
  </reporter-output>
  <suite started-at="2023-08-28T12:57:59 IST" name="Excel Based Suite" finished-at="2023-08-28T12:58:25 IST" duration-ms="25632">
    <groups>
      <group name="Sanity">
        <method signature="TestCases.loginTest()[pri:0, instance:testCases.TestCases@6cc0bcf6]" name="loginTest" class="testCases.TestCases"/>
      </group> <!-- Sanity -->
      <group name="Regression">
        <method signature="TestCases.testFilpkart()[pri:0, instance:testCases.TestCases@6cc0bcf6]" name="testFilpkart" class="testCases.TestCases"/>
      </group> <!-- Regression -->
      <group name="Login with incorrect passoword">
        <method signature="TestCases.loginTest()[pri:0, instance:testCases.TestCases@6cc0bcf6]" name="loginTest" class="testCases.TestCases"/>
      </group> <!-- Login with incorrect passoword -->
      <group name="Smoke">
        <method signature="TestCases.loginTest()[pri:0, instance:testCases.TestCases@6cc0bcf6]" name="loginTest" class="testCases.TestCases"/>
      </group> <!-- Smoke -->
    </groups>
    <test started-at="2023-08-28T12:57:59 IST" name="Excel Based Regression Testing" finished-at="2023-08-28T12:58:25 IST" duration-ms="25632">
      <class name="testCases.TestCases">
        <test-method is-config="true" signature="start()[pri:0, instance:testCases.TestCases@6cc0bcf6]" started-at="2023-08-28T12:57:59 IST" name="start" finished-at="2023-08-28T12:57:59 IST" duration-ms="10" status="PASS">
          <reporter-output>
          </reporter-output>
        </test-method> <!-- start -->
        <test-method is-config="true" signature="setUp()[pri:0, instance:testCases.TestCases@6cc0bcf6]" started-at="2023-08-28T12:57:59 IST" name="setUp" finished-at="2023-08-28T12:58:06 IST" duration-ms="6687" status="PASS">
          <reporter-output>
          </reporter-output>
        </test-method> <!-- setUp -->
        <test-method signature="loginTest()[pri:0, instance:testCases.TestCases@6cc0bcf6]" started-at="2023-08-28T12:58:06 IST" name="loginTest" finished-at="2023-08-28T12:58:13 IST" duration-ms="7142" status="PASS">
          <reporter-output>
          </reporter-output>
        </test-method> <!-- loginTest -->
        <test-method is-config="true" signature="TakeDown()[pri:0, instance:testCases.TestCases@6cc0bcf6]" started-at="2023-08-28T12:58:13 IST" name="TakeDown" finished-at="2023-08-28T12:58:13 IST" duration-ms="453" status="PASS">
          <reporter-output>
          </reporter-output>
        </test-method> <!-- TakeDown -->
        <test-method is-config="true" signature="setUp()[pri:0, instance:testCases.TestCases@6cc0bcf6]" started-at="2023-08-28T12:58:13 IST" name="setUp" finished-at="2023-08-28T12:58:18 IST" duration-ms="4720" status="PASS">
          <reporter-output>
          </reporter-output>
        </test-method> <!-- setUp -->
        <test-method signature="testFilpkart()[pri:0, instance:testCases.TestCases@6cc0bcf6]" started-at="2023-08-28T12:58:18 IST" name="testFilpkart" finished-at="2023-08-28T12:58:24 IST" duration-ms="6208" status="PASS">
          <reporter-output>
          </reporter-output>
        </test-method> <!-- testFilpkart -->
        <test-method is-config="true" signature="TakeDown()[pri:0, instance:testCases.TestCases@6cc0bcf6]" started-at="2023-08-28T12:58:24 IST" name="TakeDown" finished-at="2023-08-28T12:58:25 IST" duration-ms="376" status="PASS">
          <reporter-output>
          </reporter-output>
        </test-method> <!-- TakeDown -->
        <test-method is-config="true" signature="stop()[pri:0, instance:testCases.TestCases@6cc0bcf6]" started-at="2023-08-28T12:58:25 IST" name="stop" finished-at="2023-08-28T12:58:25 IST" duration-ms="0" status="PASS">
          <reporter-output>
          </reporter-output>
        </test-method> <!-- stop -->
      </class> <!-- testCases.TestCases -->
    </test> <!-- Excel Based Regression Testing -->
  </suite> <!-- Excel Based Suite -->
</testng-results>
